<?xml version="1.0" encoding="UTF-8"?>
<!-- Generated by org.testng.reporters.JUnitReportReporter -->
<testsuite hostname="DESKTOP-HBHH88V" failures="0" tests="1" name="DemoEcomm.commputers" time="28.974" errors="0" timestamp="2023-03-03T22:04:03 IST" skipped="0">
  <testcase classname="DemoEcomm.commputers" name="computersTest" time="28.974"/>
  <system-out/>
</testsuite> <!-- DemoEcomm.commputers -->
