<?xml version="1.0" encoding="UTF-8"?>
<!-- Generated by org.testng.reporters.JUnitReportReporter -->
<testsuite hostname="DESKTOP-HBHH88V" failures="0" tests="3" name="xyzBankAutomate.LoginPage" time="51.151" errors="0" timestamp="2023-01-30T17:12:03 IST" skipped="0">
  <testcase classname="xyzBankAutomate.LoginPage" name="launchWebApp" time="10.241"/>
  <system-out/>
  <testcase classname="xyzBankAutomate.LoginPage" name="registerUserFunctionality" time="16.067"/>
  <system-out/>
  <testcase classname="xyzBankAutomate.LoginPage" name="loginFunctionality" time="24.843"/>
  <system-out/>
</testsuite> <!-- xyzBankAutomate.LoginPage -->
