<?xml version="1.0" encoding="UTF-8"?>
<!-- Generated by org.testng.reporters.JUnitReportReporter -->
<testsuite hostname="DESKTOP-HBHH88V" failures="0" tests="1" name="DemoEcomm.electronicsFunct" time="14.146" errors="0" timestamp="2023-03-03T22:04:03 IST" skipped="0">
  <testcase classname="DemoEcomm.electronicsFunct" name="testEleFunct" time="14.146"/>
  <system-out/>
</testsuite> <!-- DemoEcomm.electronicsFunct -->
