<?xml version="1.0" encoding="UTF-8"?>
<!-- Generated by org.testng.reporters.JUnitReportReporter -->
<testsuite hostname="DESKTOP-HBHH88V" failures="0" tests="1" name="loginpage.login" time="9.871" errors="0" timestamp="2023-01-01T23:37:11 IST" skipped="0">
  <testcase classname="loginpage.login" name="testLogin" time="9.871"/>
  <system-out/>
</testsuite> <!-- loginpage.login -->
