<?xml version="1.0" encoding="UTF-8"?>
<!-- Generated by org.testng.reporters.JUnitReportReporter -->
<testsuite hostname="DESKTOP-HBHH88V" failures="0" tests="3" name="DemoEcomm.LoginPage" time="42.677" errors="0" timestamp="2023-03-03T22:04:03 IST" skipped="0">
  <testcase classname="DemoEcomm.LoginPage" name="launchWebApp" time="10.229"/>
  <system-out/>
  <testcase classname="DemoEcomm.LoginPage" name="registerUserFunctionality" time="17.039"/>
  <system-out/>
  <testcase classname="DemoEcomm.LoginPage" name="loginFunctionality" time="15.409"/>
  <system-out/>
</testsuite> <!-- DemoEcomm.LoginPage -->
